#
# A fatal error has been detected by the Java Runtime Environment:
#
#  Internal Error (javaCalls.cpp:51), pid=11220, tid=0x0000000000003230
#  guarantee(thread->is_Java_thread()) failed: crucial check - the VM thread cannot and must not escape to Java code
#
# JRE version: Java(TM) SE Runtime Environment (8.0_121-b13) (build 1.8.0_121-b13)
# Java VM: Java HotSpot(TM) 64-Bit Server VM (25.121-b13 mixed mode windows-amd64 compressed oops)
# Failed to write core dump. Minidumps are not enabled by default on client versions of Windows
#
# If you would like to submit a bug report, please visit:
#   http://bugreport.java.com/bugreport/crash.jsp
#

---------------  T H R E A D  ---------------

Current thread (0x000000001e761800):  VMThread [stack: 0x000000001fdf0000,0x000000001fef0000] [id=12848]

Stack: [0x000000001fdf0000,0x000000001fef0000]
[error occurred during error reporting (printing stack bounds), id 0xc0000005]

Native frames: (J=compiled Java code, j=interpreted, Vv=VM code, C=native code)

VM_Operation (0x000000002047f060): GetOrSetLocal, mode: safepoint, requested by thread 0x000000001e805000


---------------  P R O C E S S  ---------------

Java Threads: ( => current thread )
  0x000000001e9ab800 JavaThread "Service Thread" daemon [_thread_blocked, id=5404, stack(0x0000000021380000,0x0000000021480000)]
  0x000000001e8d2000 JavaThread "C1 CompilerThread11" daemon [_thread_blocked, id=16304, stack(0x0000000021280000,0x0000000021380000)]
  0x000000001e8d3800 JavaThread "C1 CompilerThread10" daemon [_thread_blocked, id=9380, stack(0x0000000021180000,0x0000000021280000)]
  0x000000001e8d5000 JavaThread "C1 CompilerThread9" daemon [_thread_blocked, id=16936, stack(0x0000000021080000,0x0000000021180000)]
  0x000000001e8d6800 JavaThread "C1 CompilerThread8" daemon [_thread_blocked, id=10276, stack(0x0000000020f80000,0x0000000021080000)]
  0x000000001e8d6000 JavaThread "C2 CompilerThread7" daemon [_thread_blocked, id=18276, stack(0x0000000020e80000,0x0000000020f80000)]
  0x000000001e8d4800 JavaThread "C2 CompilerThread6" daemon [_thread_blocked, id=14520, stack(0x0000000020c80000,0x0000000020d80000)]
  0x000000001e8d0800 JavaThread "C2 CompilerThread5" daemon [_thread_blocked, id=17168, stack(0x0000000020b80000,0x0000000020c80000)]
  0x000000001e8cd800 JavaThread "C2 CompilerThread4" daemon [_thread_blocked, id=15420, stack(0x0000000020a80000,0x0000000020b80000)]
  0x000000001e8b7000 JavaThread "C2 CompilerThread3" daemon [_thread_blocked, id=20416, stack(0x0000000020980000,0x0000000020a80000)]
  0x000000001e8b6800 JavaThread "C2 CompilerThread2" daemon [_thread_blocked, id=17736, stack(0x0000000020880000,0x0000000020980000)]
  0x000000001e8b2800 JavaThread "C2 CompilerThread1" daemon [_thread_blocked, id=15572, stack(0x0000000020780000,0x0000000020880000)]
  0x000000001e8c1000 JavaThread "C2 CompilerThread0" daemon [_thread_blocked, id=11464, stack(0x0000000020680000,0x0000000020780000)]
  0x000000001e810800 JavaThread "JDWP Command Reader" daemon [_thread_in_native, id=8240, stack(0x0000000020580000,0x0000000020680000)]
  0x000000001e810000 JavaThread "JDWP Event Helper Thread" daemon [_thread_blocked, id=9148, stack(0x0000000020480000,0x0000000020580000)]
  0x000000001e805000 JavaThread "JDWP Transport Listener: dt_socket" daemon [_thread_blocked, id=4772, stack(0x0000000020380000,0x0000000020480000)]
  0x000000001e7a6000 JavaThread "Attach Listener" daemon [_thread_blocked, id=3724, stack(0x0000000020280000,0x0000000020380000)]
  0x000000001e7a3000 JavaThread "Signal Dispatcher" daemon [_thread_blocked, id=16124, stack(0x0000000020180000,0x0000000020280000)]
  0x000000001cd05000 JavaThread "Finalizer" daemon [_thread_blocked, id=9740, stack(0x000000001fff0000,0x00000000200f0000)]
  0x000000001ccfb800 JavaThread "Reference Handler" daemon [_thread_blocked, id=4148, stack(0x000000001fef0000,0x000000001fff0000)]
  0x0000000002c4e800 JavaThread "main" [_thread_blocked, id=5104, stack(0x0000000002a80000,0x0000000002b80000)]

Other Threads:
=>0x000000001e761800 VMThread [stack: 0x000000001fdf0000,0x000000001fef0000] [id=12848]
  0x00000000214a1000 WatcherThread [stack: 0x0000000021c80000,0x0000000021d80000] [id=16900]

VM state:at safepoint (normal execution)

VM Mutex/Monitor currently owned by a thread:  ([mutex/lock_event])
[0x0000000002c4def0] Threads_lock - owner thread: 0x000000001e761800

Heap:
 PSYoungGen      total 75776K, used 30322K [0x000000076b780000, 0x0000000770c00000, 0x00000007c0000000)
  eden space 65024K, 46% used [0x000000076b780000,0x000000076d51cbd0,0x000000076f700000)
  from space 10752K, 0% used [0x0000000770180000,0x0000000770180000,0x0000000770c00000)
  to   space 10752K, 0% used [0x000000076f700000,0x000000076f700000,0x0000000770180000)
 ParOldGen       total 173568K, used 0K [0x00000006c2600000, 0x00000006ccf80000, 0x000000076b780000)
  object space 173568K, 0% used [0x00000006c2600000,0x00000006c2600000,0x00000006ccf80000)
 Metaspace       used 9785K, capacity 9950K, committed 10112K, reserved 1058816K
  class space    used 1102K, capacity 1141K, committed 1152K, reserved 1048576K

Card table byte_map: [0x0000000012210000,0x0000000012a00000] byte_map_base: 0x000000000ebfd000

Marking Bits: (ParMarkBitMap*) 0x000000005d53b6d0
 Begin Bits: [0x0000000013c50000, 0x0000000017bb8000)
 End Bits:   [0x0000000017bb8000, 0x000000001bb20000)

Polling page: 0x0000000000800000

CodeCache: size=245760Kb used=3250Kb max_used=3262Kb free=242509Kb
 bounds [0x0000000002e50000, 0x0000000003190000, 0x0000000011e50000]
 total_blobs=538 nmethods=200 adapters=256
 compilation: enabled

Compilation events (10 events):
Event: 359.081 Thread 0x000000001e8d2000 nmethod 196 0x0000000003176cd0 code [0x0000000003176f20, 0x0000000003177cf8]
Event: 359.082 Thread 0x000000001e8b7000 nmethod 195 0x0000000003175010 code [0x0000000003175160, 0x0000000003175538]
Event: 359.087 Thread 0x000000001e8d6000 nmethod 194 0x0000000003179f90 code [0x000000000317a120, 0x000000000317add8]
Event: 359.091 Thread 0x000000001e8b2800 nmethod 197 0x000000000317bd10 code [0x000000000317bea0, 0x000000000317cef8]
Event: 468.355 Thread 0x000000001e8d4800  198       4       org.eclipse.jdt.launching.internal.org.objectweb.asm.Symbol::<init> (38 bytes)
Event: 468.355 Thread 0x000000001e8b2800  199       4       org.eclipse.jdt.launching.internal.org.objectweb.asm.SymbolTable::add (39 bytes)
Event: 468.355 Thread 0x000000001e8d0800  200       4       org.eclipse.jdt.launching.internal.org.objectweb.asm.SymbolTable::hash (10 bytes)
Event: 468.355 Thread 0x000000001e8d4800 nmethod 198 0x000000000317ba50 code [0x000000000317bb80, 0x000000000317bc18]
Event: 468.357 Thread 0x000000001e8b2800 nmethod 199 0x000000000317e910 code [0x000000000317ea60, 0x000000000317ebf8]
Event: 468.357 Thread 0x000000001e8d0800 nmethod 200 0x000000000317e490 code [0x000000000317e5e0, 0x000000000317e7b8]

GC Heap History (0 events):
No events

Deoptimization events (0 events):
No events

Internal exceptions (10 events):
Event: 0.218 Thread 0x0000000002c4e800 Exception <a 'java/security/PrivilegedActionException'> (0x000000076c0b6798) thrown at [C:\re\workspace\8-2-build-windows-amd64-cygwin\jdk8u121\8372\hotspot\src\share\vm\prims\jvm.cpp, line 1390]
Event: 16.180 Thread 0x0000000002c4e800 Exception <a 'java/lang/ArrayIndexOutOfBoundsException': 71> (0x000000076c4529a8) thrown at [C:\re\workspace\8-2-build-windows-amd64-cygwin\jdk8u121\8372\hotspot\src\share\vm\interpreter\interpreterRuntime.cpp, line 366]
Event: 16.182 Thread 0x0000000002c4e800 Exception <a 'java/lang/ArrayIndexOutOfBoundsException': 18> (0x000000076c454fc0) thrown at [C:\re\workspace\8-2-build-windows-amd64-cygwin\jdk8u121\8372\hotspot\src\share\vm\interpreter\interpreterRuntime.cpp, line 366]
Event: 16.184 Thread 0x0000000002c4e800 Exception <a 'java/lang/ArrayIndexOutOfBoundsException': 60> (0x000000076c456828) thrown at [C:\re\workspace\8-2-build-windows-amd64-cygwin\jdk8u121\8372\hotspot\src\share\vm\interpreter\interpreterRuntime.cpp, line 366]
Event: 16.187 Thread 0x0000000002c4e800 Exception <a 'java/lang/ArrayIndexOutOfBoundsException': 71> (0x000000076c45c768) thrown at [C:\re\workspace\8-2-build-windows-amd64-cygwin\jdk8u121\8372\hotspot\src\share\vm\interpreter\interpreterRuntime.cpp, line 366]
Event: 16.274 Thread 0x0000000002c4e800 Exception <a 'java/lang/ArrayIndexOutOfBoundsException': 38> (0x000000076c489698) thrown at [C:\re\workspace\8-2-build-windows-amd64-cygwin\jdk8u121\8372\hotspot\src\share\vm\interpreter\interpreterRuntime.cpp, line 366]
Event: 16.276 Thread 0x0000000002c4e800 Exception <a 'java/lang/ArrayIndexOutOfBoundsException': 67> (0x000000076c48ad38) thrown at [C:\re\workspace\8-2-build-windows-amd64-cygwin\jdk8u121\8372\hotspot\src\share\vm\interpreter\interpreterRuntime.cpp, line 366]
Event: 16.280 Thread 0x0000000002c4e800 Exception <a 'java/lang/ArrayIndexOutOfBoundsException': 55> (0x000000076c48d630) thrown at [C:\re\workspace\8-2-build-windows-amd64-cygwin\jdk8u121\8372\hotspot\src\share\vm\interpreter\interpreterRuntime.cpp, line 366]
Event: 16.385 Thread 0x0000000002c4e800 Exception <a 'java/lang/ArrayIndexOutOfBoundsException': 38> (0x000000076c4ba940) thrown at [C:\re\workspace\8-2-build-windows-amd64-cygwin\jdk8u121\8372\hotspot\src\share\vm\interpreter\interpreterRuntime.cpp, line 366]
Event: 16.422 Thread 0x0000000002c4e800 Exception <a 'java/lang/ArrayIndexOutOfBoundsException': 49> (0x000000076c4dab68) thrown at [C:\re\workspace\8-2-build-windows-amd64-cygwin\jdk8u121\8372\hotspot\src\share\vm\interpreter\interpreterRuntime.cpp, line 366]

Events (10 events):
Event: 468.360 Executing VM operation: EnterInterpOnlyMode done
Event: 468.360 Executing VM operation: GetCurrentLocation
Event: 468.360 Executing VM operation: GetCurrentLocation done
Event: 468.360 Executing VM operation: ChangeSingleStep
Event: 468.360 Executing VM operation: ChangeSingleStep done
Event: 468.360 Executing VM operation: GetOrSetLocal
Event: 468.360 Executing VM operation: GetOrSetLocal done
Event: 468.360 Executing VM operation: ChangeSingleStep
Event: 468.360 Executing VM operation: ChangeSingleStep done
Event: 468.472 Executing VM operation: GetOrSetLocal


Dynamic libraries:
0x00007ff70dd90000 - 0x00007ff70ddc7000 	E:\D_setting\B_Util\2.Java\JDK1.8\bin\javaw.exe
0x00007ff8c73f0000 - 0x00007ff8c75e8000 	C:\Windows\SYSTEM32\ntdll.dll
0x00007ff8c6f80000 - 0x00007ff8c703d000 	C:\Windows\System32\KERNEL32.DLL
0x00007ff8c4ed0000 - 0x00007ff8c51c6000 	C:\Windows\System32\KERNELBASE.dll
0x00007ff8c58a0000 - 0x00007ff8c594f000 	C:\Windows\System32\ADVAPI32.dll
0x00007ff8c57d0000 - 0x00007ff8c586e000 	C:\Windows\System32\msvcrt.dll
0x00007ff8c6180000 - 0x00007ff8c621c000 	C:\Windows\System32\sechost.dll
0x00007ff8c7280000 - 0x00007ff8c73a6000 	C:\Windows\System32\RPCRT4.dll
0x00007ff8c5e70000 - 0x00007ff8c600e000 	C:\Windows\System32\USER32.dll
0x00007ff8c5370000 - 0x00007ff8c5392000 	C:\Windows\System32\win32u.dll
0x00007ff8c6150000 - 0x00007ff8c617c000 	C:\Windows\System32\GDI32.dll
0x00007ff8c5250000 - 0x00007ff8c536a000 	C:\Windows\System32\gdi32full.dll
0x00007ff8c4e30000 - 0x00007ff8c4ecd000 	C:\Windows\System32\msvcp_win.dll
0x00007ff8c4cc0000 - 0x00007ff8c4dc0000 	C:\Windows\System32\ucrtbase.dll
0x00007ff8a1ef0000 - 0x00007ff8a218a000 	C:\Windows\WinSxS\amd64_microsoft.windows.common-controls_6595b64144ccf1df_6.0.19041.3636_none_60b6a03d71f818d5\COMCTL32.dll
0x00007ff8c5870000 - 0x00007ff8c58a0000 	C:\Windows\System32\IMM32.DLL
0x000000005cc40000 - 0x000000005cd12000 	E:\D_setting\B_Util\2.Java\JDK1.8\jre\bin\msvcr100.dll
0x000000005cd20000 - 0x000000005d5bb000 	E:\D_setting\B_Util\2.Java\JDK1.8\jre\bin\server\jvm.dll
0x00007ff8c7270000 - 0x00007ff8c7278000 	C:\Windows\System32\PSAPI.DLL
0x00007ff8a91c0000 - 0x00007ff8a91c9000 	C:\Windows\SYSTEM32\WSOCK32.dll
0x00007ff8afe20000 - 0x00007ff8afe47000 	C:\Windows\SYSTEM32\WINMM.dll
0x00007ff8be940000 - 0x00007ff8be94a000 	C:\Windows\SYSTEM32\VERSION.dll
0x00007ff8c70f0000 - 0x00007ff8c715b000 	C:\Windows\System32\WS2_32.dll
0x000000005cc30000 - 0x000000005cc3f000 	E:\D_setting\B_Util\2.Java\JDK1.8\jre\bin\verify.dll
0x000000005cb20000 - 0x000000005cb49000 	E:\D_setting\B_Util\2.Java\JDK1.8\jre\bin\java.dll
0x000000005c6e0000 - 0x000000005c715000 	E:\D_setting\B_Util\2.Java\JDK1.8\jre\bin\jdwp.dll
0x000000005c6d0000 - 0x000000005c6d8000 	E:\D_setting\B_Util\2.Java\JDK1.8\jre\bin\npt.dll
0x000000005cad0000 - 0x000000005caf3000 	E:\D_setting\B_Util\2.Java\JDK1.8\jre\bin\instrument.dll
0x000000005cb00000 - 0x000000005cb16000 	E:\D_setting\B_Util\2.Java\JDK1.8\jre\bin\zip.dll
0x00007ff8c66a0000 - 0x00007ff8c6de4000 	C:\Windows\System32\SHELL32.dll
0x00007ff8c2bb0000 - 0x00007ff8c334b000 	C:\Windows\SYSTEM32\windows.storage.dll
0x00007ff8c5950000 - 0x00007ff8c5ca4000 	C:\Windows\System32\combase.dll
0x00007ff8c4440000 - 0x00007ff8c446d000 	C:\Windows\SYSTEM32\Wldp.dll
0x00007ff8c7040000 - 0x00007ff8c70ed000 	C:\Windows\System32\SHCORE.dll
0x00007ff8c6df0000 - 0x00007ff8c6e45000 	C:\Windows\System32\shlwapi.dll
0x00007ff8c4a00000 - 0x00007ff8c4a25000 	C:\Windows\SYSTEM32\profapi.dll
0x000000005c6c0000 - 0x000000005c6c9000 	E:\D_setting\B_Util\2.Java\JDK1.8\jre\bin\dt_socket.dll
0x00007ff8a76f0000 - 0x00007ff8a7707000 	C:\Windows\system32\napinsp.dll
0x00007ff8a76d0000 - 0x00007ff8a76eb000 	C:\Windows\system32\pnrpnsp.dll
0x00007ff8af3b0000 - 0x00007ff8af3c5000 	C:\Windows\system32\wshbth.dll
0x00007ff8c04f0000 - 0x00007ff8c050d000 	C:\Windows\system32\NLAapi.dll
0x00007ff8c3e90000 - 0x00007ff8c3ecb000 	C:\Windows\SYSTEM32\IPHLPAPI.DLL
0x00007ff8c41a0000 - 0x00007ff8c420a000 	C:\Windows\System32\mswsock.dll
0x00007ff8c3ed0000 - 0x00007ff8c3f9a000 	C:\Windows\SYSTEM32\DNSAPI.dll
0x00007ff8c57c0000 - 0x00007ff8c57c8000 	C:\Windows\System32\NSI.dll
0x00007ff8a76b0000 - 0x00007ff8a76c2000 	C:\Windows\System32\winrnr.dll
0x00007ff8bc910000 - 0x00007ff8bc990000 	C:\Windows\System32\fwpuclnt.dll
0x00007ff8c51d0000 - 0x00007ff8c51f7000 	C:\Windows\System32\bcrypt.dll
0x00007ff8be880000 - 0x00007ff8be88a000 	C:\Windows\System32\rasadhlp.dll
0x000000005c810000 - 0x000000005c81d000 	E:\D_setting\B_Util\2.Java\JDK1.8\jre\bin\management.dll
0x000000005cab0000 - 0x000000005caca000 	E:\D_setting\B_Util\2.Java\JDK1.8\jre\bin\net.dll
0x000000005ca90000 - 0x000000005caa1000 	E:\D_setting\B_Util\2.Java\JDK1.8\jre\bin\nio.dll

VM Arguments:
jvm_args: -agentlib:jdwp=transport=dt_socket,suspend=y,address=localhost:53357 -javaagent:E:\D_setting\B_Util\3.Eclipse\eclipse-jee-2020-06-R-win32-x86_64\eclipse\configuration\org.eclipse.osgi\413\0\.cp\lib\javaagent-shaded.jar -Dfile.encoding=UTF-8 
java_command: controller.MainController
java_class_path (initial): E:\D_setting\A_TeachingMaterial\01_BasicJava\workspace\JavaProject_402_team1\bin;E:\D_setting\A_TeachingMaterial\01_BasicJava\workspace\JavaProject_402_team1\lombok.jar;E:\D_setting\A_TeachingMaterial\01_BasicJava\workspace\JavaProject_402_team1\ojdbc6.jar;E:\D_setting\B_Util\3.Eclipse\eclipse-jee-2020-06-R-win32-x86_64\eclipse\configuration\org.eclipse.osgi\413\0\.cp\lib\javaagent-shaded.jar
Launcher Type: SUN_STANDARD

Environment Variables:
JAVA_HOME=E:\D_setting\B_Util\2.Java\JDK1.8
PATH=E:\D_setting\B_Util\2.Java\JDK1.8\jre\bin;E:/D_setting/B_Util/2.Java/JDK1.8/bin/../jre/bin/server;E:/D_setting/B_Util/2.Java/JDK1.8/bin/../jre/bin;E:/D_setting/B_Util/2.Java/JDK1.8/bin/../jre/lib/amd64;E:\app\PC-03\product\11.2.0\client_1\bin;C:\oraclexe\app\oracle\product\11.2.0\server\bin;C:\Windows\system32;C:\Windows;C:\Windows\System32\Wbem;C:\Windows\System32\WindowsPowerShell\v1.0\;C:\Windows\System32\OpenSSH\;E:\D_setting\B_Util\2.Java\JDK1.8\bin;C:\Program Files\Git\cmd;C:\Users\PC-03\AppData\Local\Microsoft\WindowsApps;C:\Program Files\Bandizip\;C:\Users\PC-03\AppData\Local\GitHubDesktop\bin;E:\D_setting\B_Util\3.Eclipse\eclipse-jee-2020-06-R-win32-x86_64\eclipse;
USERNAME=PC-03
OS=Windows_NT
PROCESSOR_IDENTIFIER=Intel64 Family 6 Model 165 Stepping 5, GenuineIntel



---------------  S Y S T E M  ---------------

OS: Windows 10.0 , 64 bit Build 19041 (10.0.19041.3636)

CPU:total 16 (8 cores per cpu, 2 threads per core) family 6 model 165 stepping 5, cmov, cx8, fxsr, mmx, sse, sse2, sse3, ssse3, sse4.1, sse4.2, popcnt, avx, avx2, aes, clmul, erms, 3dnowpref, lzcnt, ht, tsc, tscinvbit, bmi1, bmi2, adx

Memory: 4k page, physical 16616436k(9527296k free), swap 19106804k(8488448k free)

vm_info: Java HotSpot(TM) 64-Bit Server VM (25.121-b13) for windows-amd64 JRE (1.8.0_121-b13), built on Dec 12 2016 18:21:36 by "java_re" with MS VC++ 10.0 (VS2010)

time: Mon Dec 11 19:47:42 2023
elapsed time: 468 seconds (0d 0h 7m 48s)

